2025-05-27 12:44:47.447-03:00 ERROR c.m.applicationinsights.agent - 
*************************
Application Insights Java Agent 3.4.13 startup failed (PID 9536)
*************************

Description:
No connection string provided

Action:
Please provide connection string.

2025-05-27 12:49:35.472-03:00 ERROR c.m.applicationinsights.agent - 
*************************
Application Insights Java Agent 3.4.13 startup failed (PID 17236)
*************************

Description:
No connection string provided

Action:
Please provide connection string.

2025-05-27 13:24:14.767-03:00 ERROR c.m.applicationinsights.agent - 
*************************
Application Insights Java Agent 3.4.13 startup failed (PID 21372)
*************************

Description:
No connection string provided

Action:
Please provide connection string.

2025-05-27 13:31:08.409-03:00 ERROR c.m.applicationinsights.agent - 
*************************
Application Insights Java Agent 3.4.13 startup failed (PID 18960)
*************************

Description:
No connection string provided

Action:
Please provide connection string.

2025-05-29 20:27:32.120-03:00 ERROR c.m.applicationinsights.agent - 
*************************
Application Insights Java Agent 3.4.13 startup failed (PID 22404)
*************************

Description:
No connection string provided

Action:
Please provide connection string.

2025-05-29 20:32:44.525-03:00 ERROR c.m.applicationinsights.agent - 
*************************
Application Insights Java Agent 3.4.13 startup failed (PID 15164)
*************************

Description:
No connection string provided

Action:
Please provide connection string.

2025-05-29 20:37:22.008-03:00 ERROR c.m.applicationinsights.agent - 
*************************
Application Insights Java Agent 3.4.13 startup failed (PID 19408)
*************************

Description:
No connection string provided

Action:
Please provide connection string.

2025-05-29 20:54:01.877-03:00 ERROR c.m.applicationinsights.agent - 
*************************
Application Insights Java Agent 3.4.13 startup failed (PID 18252)
*************************

Description:
No connection string provided

Action:
Please provide connection string.

2025-10-12 19:01:11.992-03:00 ERROR c.m.applicationinsights.agent - 
*************************
Application Insights Java Agent 3.4.13 startup failed (PID 80300)
*************************

Description:
No connection string provided

Action:
Please provide connection string.

2025-10-12 19:01:58.924-03:00 ERROR c.m.applicationinsights.agent - 
*************************
Application Insights Java Agent 3.4.13 startup failed (PID 34136)
*************************

Description:
No connection string provided

Action:
Please provide connection string.

2025-10-12 19:03:46.726-03:00 ERROR c.m.applicationinsights.agent - 
*************************
Application Insights Java Agent 3.4.13 startup failed (PID 61232)
*************************

Description:
No connection string provided

Action:
Please provide connection string.

2025-10-12 19:04:28.182-03:00 ERROR c.m.applicationinsights.agent - 
*************************
Application Insights Java Agent 3.4.13 startup failed (PID 48628)
*************************

Description:
No connection string provided

Action:
Please provide connection string.

2025-10-12 19:04:54.534-03:00 ERROR c.m.applicationinsights.agent - 
*************************
Application Insights Java Agent 3.4.13 startup failed (PID 51632)
*************************

Description:
No connection string provided

Action:
Please provide connection string.

2025-10-12 19:05:28.399-03:00 ERROR c.m.applicationinsights.agent - 
*************************
Application Insights Java Agent 3.4.13 startup failed (PID 13936)
*************************

Description:
No connection string provided

Action:
Please provide connection string.

2025-10-13 13:45:35.885-03:00 ERROR c.m.applicationinsights.agent - 
*************************
Application Insights Java Agent 3.4.13 startup failed (PID 82048)
*************************

Description:
No connection string provided

Action:
Please provide connection string.

2025-10-14 19:42:58.200-03:00 ERROR c.m.applicationinsights.agent - 
*************************
Application Insights Java Agent 3.4.13 startup failed (PID 8820)
*************************

Description:
No connection string provided

Action:
Please provide connection string.

2025-10-15 21:00:13.840-03:00 ERROR c.m.applicationinsights.agent - 
*************************
Application Insights Java Agent 3.4.13 startup failed (PID 11032)
*************************

Description:
No connection string provided

Action:
Please provide connection string.

