2024-01-10 13:52:36.551-03:00 ERROR c.m.applicationinsights.agent - 
*************************
Application Insights Java Agent 3.4.13 startup failed (PID 24688)
*************************

Description:
No connection string provided

Action:
Please provide connection string.

2024-07-24 18:13:55.431-03:00 ERROR c.m.applicationinsights.agent - 
*************************
Application Insights Java Agent 3.4.13 startup failed (PID 25492)
*************************

Description:
No connection string provided

Action:
Please provide connection string.

2024-07-24 18:17:09.456-03:00 ERROR c.m.applicationinsights.agent - 
*************************
Application Insights Java Agent 3.4.13 startup failed (PID 23136)
*************************

Description:
No connection string provided

Action:
Please provide connection string.

2024-07-24 18:18:00.790-03:00 ERROR c.m.applicationinsights.agent - 
*************************
Application Insights Java Agent 3.4.13 startup failed (PID 14540)
*************************

Description:
No connection string provided

Action:
Please provide connection string.

2024-07-24 18:19:01.619-03:00 ERROR c.m.applicationinsights.agent - 
*************************
Application Insights Java Agent 3.4.13 startup failed (PID 10800)
*************************

Description:
No connection string provided

Action:
Please provide connection string.

2024-07-24 18:25:50.255-03:00 ERROR c.m.applicationinsights.agent - 
*************************
Application Insights Java Agent 3.4.13 startup failed (PID 24344)
*************************

Description:
No connection string provided

Action:
Please provide connection string.

2024-07-24 18:30:38.416-03:00 ERROR c.m.applicationinsights.agent - 
*************************
Application Insights Java Agent 3.4.13 startup failed (PID 26136)
*************************

Description:
No connection string provided

Action:
Please provide connection string.

2024-07-24 18:33:26.466-03:00 ERROR c.m.applicationinsights.agent - 
*************************
Application Insights Java Agent 3.4.13 startup failed (PID 6500)
*************************

Description:
No connection string provided

Action:
Please provide connection string.

2024-07-24 18:39:59.306-03:00 ERROR c.m.applicationinsights.agent - 
*************************
Application Insights Java Agent 3.4.13 startup failed (PID 22668)
*************************

Description:
No connection string provided

Action:
Please provide connection string.

2024-07-24 19:41:29.756-03:00 ERROR c.m.applicationinsights.agent - 
*************************
Application Insights Java Agent 3.4.13 startup failed (PID 24976)
*************************

Description:
No connection string provided

Action:
Please provide connection string.

2024-07-24 20:17:54.483-03:00 ERROR c.m.applicationinsights.agent - 
*************************
Application Insights Java Agent 3.4.13 startup failed (PID 2896)
*************************

Description:
No connection string provided

Action:
Please provide connection string.

2024-07-24 20:19:24.164-03:00 ERROR c.m.applicationinsights.agent - 
*************************
Application Insights Java Agent 3.4.13 startup failed (PID 22672)
*************************

Description:
No connection string provided

Action:
Please provide connection string.

2024-07-25 19:51:14.435-03:00 ERROR c.m.applicationinsights.agent - 
*************************
Application Insights Java Agent 3.4.13 startup failed (PID 27056)
*************************

Description:
No connection string provided

Action:
Please provide connection string.

2024-07-25 19:55:25.754-03:00 ERROR c.m.applicationinsights.agent - 
*************************
Application Insights Java Agent 3.4.13 startup failed (PID 29540)
*************************

Description:
No connection string provided

Action:
Please provide connection string.

2024-07-25 20:00:13.726-03:00 ERROR c.m.applicationinsights.agent - 
*************************
Application Insights Java Agent 3.4.13 startup failed (PID 29212)
*************************

Description:
No connection string provided

Action:
Please provide connection string.

2024-07-25 20:06:07.575-03:00 ERROR c.m.applicationinsights.agent - 
*************************
Application Insights Java Agent 3.4.13 startup failed (PID 21396)
*************************

Description:
No connection string provided

Action:
Please provide connection string.

2024-07-25 20:09:44.232-03:00 ERROR c.m.applicationinsights.agent - 
*************************
Application Insights Java Agent 3.4.13 startup failed (PID 24468)
*************************

Description:
No connection string provided

Action:
Please provide connection string.

2024-07-25 21:41:54.781-03:00 ERROR c.m.applicationinsights.agent - 
*************************
Application Insights Java Agent 3.4.13 startup failed (PID 27580)
*************************

Description:
No connection string provided

Action:
Please provide connection string.

2024-07-25 21:43:13.618-03:00 ERROR c.m.applicationinsights.agent - 
*************************
Application Insights Java Agent 3.4.13 startup failed (PID 11880)
*************************

Description:
No connection string provided

Action:
Please provide connection string.

2024-07-25 21:56:49.607-03:00 ERROR c.m.applicationinsights.agent - 
*************************
Application Insights Java Agent 3.4.13 startup failed (PID 4796)
*************************

Description:
No connection string provided

Action:
Please provide connection string.

2024-07-25 22:03:05.123-03:00 ERROR c.m.applicationinsights.agent - 
*************************
Application Insights Java Agent 3.4.13 startup failed (PID 10780)
*************************

Description:
No connection string provided

Action:
Please provide connection string.

2024-07-25 22:07:03.462-03:00 ERROR c.m.applicationinsights.agent - 
*************************
Application Insights Java Agent 3.4.13 startup failed (PID 20764)
*************************

Description:
No connection string provided

Action:
Please provide connection string.

2024-07-25 22:26:04.088-03:00 ERROR c.m.applicationinsights.agent - 
*************************
Application Insights Java Agent 3.4.13 startup failed (PID 30640)
*************************

Description:
No connection string provided

Action:
Please provide connection string.

2024-07-25 22:30:26.383-03:00 ERROR c.m.applicationinsights.agent - 
*************************
Application Insights Java Agent 3.4.13 startup failed (PID 28884)
*************************

Description:
No connection string provided

Action:
Please provide connection string.

2024-07-25 22:36:22.688-03:00 ERROR c.m.applicationinsights.agent - 
*************************
Application Insights Java Agent 3.4.13 startup failed (PID 14424)
*************************

Description:
No connection string provided

Action:
Please provide connection string.

2024-07-25 22:43:03.686-03:00 ERROR c.m.applicationinsights.agent - 
*************************
Application Insights Java Agent 3.4.13 startup failed (PID 24268)
*************************

Description:
No connection string provided

Action:
Please provide connection string.

2024-07-25 22:46:13.667-03:00 ERROR c.m.applicationinsights.agent - 
*************************
Application Insights Java Agent 3.4.13 startup failed (PID 27668)
*************************

Description:
No connection string provided

Action:
Please provide connection string.

2024-07-25 22:52:34.770-03:00 ERROR c.m.applicationinsights.agent - 
*************************
Application Insights Java Agent 3.4.13 startup failed (PID 27940)
*************************

Description:
No connection string provided

Action:
Please provide connection string.

2024-07-25 22:54:20.703-03:00 ERROR c.m.applicationinsights.agent - 
*************************
Application Insights Java Agent 3.4.13 startup failed (PID 24664)
*************************

Description:
No connection string provided

Action:
Please provide connection string.

2024-07-25 22:56:42.648-03:00 ERROR c.m.applicationinsights.agent - 
*************************
Application Insights Java Agent 3.4.13 startup failed (PID 1544)
*************************

Description:
No connection string provided

Action:
Please provide connection string.

2024-07-25 23:00:54.657-03:00 ERROR c.m.applicationinsights.agent - 
*************************
Application Insights Java Agent 3.4.13 startup failed (PID 26996)
*************************

Description:
No connection string provided

Action:
Please provide connection string.

2024-07-25 23:11:06.975-03:00 ERROR c.m.applicationinsights.agent - 
*************************
Application Insights Java Agent 3.4.13 startup failed (PID 9832)
*************************

Description:
No connection string provided

Action:
Please provide connection string.

2024-07-25 23:12:58.138-03:00 ERROR c.m.applicationinsights.agent - 
*************************
Application Insights Java Agent 3.4.13 startup failed (PID 18332)
*************************

Description:
No connection string provided

Action:
Please provide connection string.

2024-07-25 23:50:32.011-03:00 ERROR c.m.applicationinsights.agent - 
*************************
Application Insights Java Agent 3.4.13 startup failed (PID 26260)
*************************

Description:
No connection string provided

Action:
Please provide connection string.

2024-07-26 00:20:30.258-03:00 ERROR c.m.applicationinsights.agent - 
*************************
Application Insights Java Agent 3.4.13 startup failed (PID 19128)
*************************

Description:
No connection string provided

Action:
Please provide connection string.

2024-07-31 17:28:10.934-03:00 ERROR c.m.applicationinsights.agent - 
*************************
Application Insights Java Agent 3.4.13 startup failed (PID 5588)
*************************

Description:
No connection string provided

Action:
Please provide connection string.

2024-07-31 17:29:29.707-03:00 ERROR c.m.applicationinsights.agent - 
*************************
Application Insights Java Agent 3.4.13 startup failed (PID 5724)
*************************

Description:
No connection string provided

Action:
Please provide connection string.

2024-07-31 18:39:20.620-03:00 ERROR c.m.applicationinsights.agent - 
*************************
Application Insights Java Agent 3.4.13 startup failed (PID 23412)
*************************

Description:
No connection string provided

Action:
Please provide connection string.

2024-07-31 18:53:10.333-03:00 ERROR c.m.applicationinsights.agent - 
*************************
Application Insights Java Agent 3.4.13 startup failed (PID 24368)
*************************

Description:
No connection string provided

Action:
Please provide connection string.

2024-07-31 18:53:43.066-03:00 ERROR c.m.applicationinsights.agent - 
*************************
Application Insights Java Agent 3.4.13 startup failed (PID 24864)
*************************

Description:
No connection string provided

Action:
Please provide connection string.

2024-07-31 18:57:46.116-03:00 ERROR c.m.applicationinsights.agent - 
*************************
Application Insights Java Agent 3.4.13 startup failed (PID 23372)
*************************

Description:
No connection string provided

Action:
Please provide connection string.

2024-07-31 18:58:35.584-03:00 ERROR c.m.applicationinsights.agent - 
*************************
Application Insights Java Agent 3.4.13 startup failed (PID 23572)
*************************

Description:
No connection string provided

Action:
Please provide connection string.

2024-07-31 19:00:50.324-03:00 ERROR c.m.applicationinsights.agent - 
*************************
Application Insights Java Agent 3.4.13 startup failed (PID 19892)
*************************

Description:
No connection string provided

Action:
Please provide connection string.

2024-07-31 19:01:18.891-03:00 ERROR c.m.applicationinsights.agent - 
*************************
Application Insights Java Agent 3.4.13 startup failed (PID 26428)
*************************

Description:
No connection string provided

Action:
Please provide connection string.

2024-07-31 19:03:31.245-03:00 ERROR c.m.applicationinsights.agent - 
*************************
Application Insights Java Agent 3.4.13 startup failed (PID 21380)
*************************

Description:
No connection string provided

Action:
Please provide connection string.

2024-07-31 19:35:21.459-03:00 ERROR c.m.applicationinsights.agent - 
*************************
Application Insights Java Agent 3.4.13 startup failed (PID 23244)
*************************

Description:
No connection string provided

Action:
Please provide connection string.

2024-07-31 19:36:05.633-03:00 ERROR c.m.applicationinsights.agent - 
*************************
Application Insights Java Agent 3.4.13 startup failed (PID 12760)
*************************

Description:
No connection string provided

Action:
Please provide connection string.

2024-07-31 19:39:49.093-03:00 ERROR c.m.applicationinsights.agent - 
*************************
Application Insights Java Agent 3.4.13 startup failed (PID 10816)
*************************

Description:
No connection string provided

Action:
Please provide connection string.

2024-07-31 19:40:39.902-03:00 ERROR c.m.applicationinsights.agent - 
*************************
Application Insights Java Agent 3.4.13 startup failed (PID 17856)
*************************

Description:
No connection string provided

Action:
Please provide connection string.

2024-07-31 19:43:31.369-03:00 ERROR c.m.applicationinsights.agent - 
*************************
Application Insights Java Agent 3.4.13 startup failed (PID 12244)
*************************

Description:
No connection string provided

Action:
Please provide connection string.

2024-07-31 20:31:06.505-03:00 ERROR c.m.applicationinsights.agent - 
*************************
Application Insights Java Agent 3.4.13 startup failed (PID 20544)
*************************

Description:
No connection string provided

Action:
Please provide connection string.

2024-07-31 20:42:47.325-03:00 ERROR c.m.applicationinsights.agent - 
*************************
Application Insights Java Agent 3.4.13 startup failed (PID 24864)
*************************

Description:
No connection string provided

Action:
Please provide connection string.

2024-11-06 12:24:58.135-03:00 ERROR c.m.applicationinsights.agent - 
*************************
Application Insights Java Agent 3.4.13 startup failed (PID 8956)
*************************

Description:
No connection string provided

Action:
Please provide connection string.

2024-11-06 12:43:41.853-03:00 ERROR c.m.applicationinsights.agent - 
*************************
Application Insights Java Agent 3.4.13 startup failed (PID 25132)
*************************

Description:
No connection string provided

Action:
Please provide connection string.

2024-11-06 12:47:06.961-03:00 ERROR c.m.applicationinsights.agent - 
*************************
Application Insights Java Agent 3.4.13 startup failed (PID 29144)
*************************

Description:
No connection string provided

Action:
Please provide connection string.

2024-11-06 13:11:40.272-03:00 ERROR c.m.applicationinsights.agent - 
*************************
Application Insights Java Agent 3.4.13 startup failed (PID 21392)
*************************

Description:
No connection string provided

Action:
Please provide connection string.

2024-11-06 14:06:43.830-03:00 ERROR c.m.applicationinsights.agent - 
*************************
Application Insights Java Agent 3.4.13 startup failed (PID 3212)
*************************

Description:
No connection string provided

Action:
Please provide connection string.

2024-11-06 14:20:40.228-03:00 ERROR c.m.applicationinsights.agent - 
*************************
Application Insights Java Agent 3.4.13 startup failed (PID 2984)
*************************

Description:
No connection string provided

Action:
Please provide connection string.

2024-11-06 14:23:38.232-03:00 ERROR c.m.applicationinsights.agent - 
*************************
Application Insights Java Agent 3.4.13 startup failed (PID 16268)
*************************

Description:
No connection string provided

Action:
Please provide connection string.

2024-11-06 14:26:03.123-03:00 ERROR c.m.applicationinsights.agent - 
*************************
Application Insights Java Agent 3.4.13 startup failed (PID 10424)
*************************

Description:
No connection string provided

Action:
Please provide connection string.

2024-11-06 14:27:42.415-03:00 ERROR c.m.applicationinsights.agent - 
*************************
Application Insights Java Agent 3.4.13 startup failed (PID 2980)
*************************

Description:
No connection string provided

Action:
Please provide connection string.

2024-11-13 21:20:12.722-03:00 ERROR c.m.applicationinsights.agent - 
*************************
Application Insights Java Agent 3.4.13 startup failed (PID 15076)
*************************

Description:
No connection string provided

Action:
Please provide connection string.

2024-11-13 22:09:00.541-03:00 ERROR c.m.applicationinsights.agent - 
*************************
Application Insights Java Agent 3.4.13 startup failed (PID 9188)
*************************

Description:
No connection string provided

Action:
Please provide connection string.

2024-12-13 14:42:51.965-03:00 ERROR c.m.applicationinsights.agent - 
*************************
Application Insights Java Agent 3.4.13 startup failed (PID 13236)
*************************

Description:
No connection string provided

Action:
Please provide connection string.

2025-01-08 11:05:22.869-03:00 ERROR c.m.applicationinsights.agent - 
*************************
Application Insights Java Agent 3.4.13 startup failed (PID 6316)
*************************

Description:
No connection string provided

Action:
Please provide connection string.

2025-01-17 16:03:58.354-03:00 ERROR c.m.applicationinsights.agent - 
*************************
Application Insights Java Agent 3.4.13 startup failed (PID 13852)
*************************

Description:
No connection string provided

Action:
Please provide connection string.

2025-02-24 19:00:18.044-03:00 ERROR c.m.applicationinsights.agent - 
*************************
Application Insights Java Agent 3.4.13 startup failed (PID 11152)
*************************

Description:
No connection string provided

Action:
Please provide connection string.

2025-02-24 19:02:44.621-03:00 ERROR c.m.applicationinsights.agent - 
*************************
Application Insights Java Agent 3.4.13 startup failed (PID 20940)
*************************

Description:
No connection string provided

Action:
Please provide connection string.

2025-02-24 19:09:42.102-03:00 ERROR c.m.applicationinsights.agent - 
*************************
Application Insights Java Agent 3.4.13 startup failed (PID 25996)
*************************

Description:
No connection string provided

Action:
Please provide connection string.

2025-02-24 19:18:38.013-03:00 ERROR c.m.applicationinsights.agent - 
*************************
Application Insights Java Agent 3.4.13 startup failed (PID 23676)
*************************

Description:
No connection string provided

Action:
Please provide connection string.

2025-02-24 19:21:57.891-03:00 ERROR c.m.applicationinsights.agent - 
*************************
Application Insights Java Agent 3.4.13 startup failed (PID 19564)
*************************

Description:
No connection string provided

Action:
Please provide connection string.

2025-02-24 19:26:15.288-03:00 ERROR c.m.applicationinsights.agent - 
*************************
Application Insights Java Agent 3.4.13 startup failed (PID 24772)
*************************

Description:
No connection string provided

Action:
Please provide connection string.

2025-02-24 20:13:42.765-03:00 ERROR c.m.applicationinsights.agent - 
*************************
Application Insights Java Agent 3.4.13 startup failed (PID 24256)
*************************

Description:
No connection string provided

Action:
Please provide connection string.

2025-02-26 15:11:44.367-03:00 ERROR c.m.applicationinsights.agent - 
*************************
Application Insights Java Agent 3.4.13 startup failed (PID 12052)
*************************

Description:
No connection string provided

Action:
Please provide connection string.

2025-02-26 15:27:56.177-03:00 ERROR c.m.applicationinsights.agent - 
*************************
Application Insights Java Agent 3.4.13 startup failed (PID 8724)
*************************

Description:
No connection string provided

Action:
Please provide connection string.

2025-02-26 15:54:55.070-03:00 ERROR c.m.applicationinsights.agent - 
*************************
Application Insights Java Agent 3.4.13 startup failed (PID 23592)
*************************

Description:
No connection string provided

Action:
Please provide connection string.

2025-02-26 16:03:52.755-03:00 ERROR c.m.applicationinsights.agent - 
*************************
Application Insights Java Agent 3.4.13 startup failed (PID 20940)
*************************

Description:
No connection string provided

Action:
Please provide connection string.

2025-02-27 17:16:18.283-03:00 ERROR c.m.applicationinsights.agent - 
*************************
Application Insights Java Agent 3.4.13 startup failed (PID 21172)
*************************

Description:
No connection string provided

Action:
Please provide connection string.

2025-02-27 21:59:11.649-03:00 ERROR c.m.applicationinsights.agent - 
*************************
Application Insights Java Agent 3.4.13 startup failed (PID 9856)
*************************

Description:
No connection string provided

Action:
Please provide connection string.

2025-02-27 22:07:18.049-03:00 ERROR c.m.applicationinsights.agent - 
*************************
Application Insights Java Agent 3.4.13 startup failed (PID 28376)
*************************

Description:
No connection string provided

Action:
Please provide connection string.

2025-02-27 22:22:32.035-03:00 ERROR c.m.applicationinsights.agent - 
*************************
Application Insights Java Agent 3.4.13 startup failed (PID 19196)
*************************

Description:
No connection string provided

Action:
Please provide connection string.

2025-02-27 22:25:49.303-03:00 ERROR c.m.applicationinsights.agent - 
*************************
Application Insights Java Agent 3.4.13 startup failed (PID 13860)
*************************

Description:
No connection string provided

Action:
Please provide connection string.

2025-02-27 22:29:08.432-03:00 ERROR c.m.applicationinsights.agent - 
*************************
Application Insights Java Agent 3.4.13 startup failed (PID 25460)
*************************

Description:
No connection string provided

Action:
Please provide connection string.

2025-02-27 22:37:52.262-03:00 ERROR c.m.applicationinsights.agent - 
*************************
Application Insights Java Agent 3.4.13 startup failed (PID 22332)
*************************

Description:
No connection string provided

Action:
Please provide connection string.

2025-02-27 22:40:38.187-03:00 ERROR c.m.applicationinsights.agent - 
*************************
Application Insights Java Agent 3.4.13 startup failed (PID 13712)
*************************

Description:
No connection string provided

Action:
Please provide connection string.

2025-02-27 22:42:51.587-03:00 ERROR c.m.applicationinsights.agent - 
*************************
Application Insights Java Agent 3.4.13 startup failed (PID 14116)
*************************

Description:
No connection string provided

Action:
Please provide connection string.

2025-02-27 22:44:26.488-03:00 ERROR c.m.applicationinsights.agent - 
*************************
Application Insights Java Agent 3.4.13 startup failed (PID 6320)
*************************

Description:
No connection string provided

Action:
Please provide connection string.

2025-02-27 22:47:45.862-03:00 ERROR c.m.applicationinsights.agent - 
*************************
Application Insights Java Agent 3.4.13 startup failed (PID 5024)
*************************

Description:
No connection string provided

Action:
Please provide connection string.

2025-02-27 22:52:25.007-03:00 ERROR c.m.applicationinsights.agent - 
*************************
Application Insights Java Agent 3.4.13 startup failed (PID 9948)
*************************

Description:
No connection string provided

Action:
Please provide connection string.

2025-02-27 22:56:05.369-03:00 ERROR c.m.applicationinsights.agent - 
*************************
Application Insights Java Agent 3.4.13 startup failed (PID 26872)
*************************

Description:
No connection string provided

Action:
Please provide connection string.

2025-02-27 22:58:27.351-03:00 ERROR c.m.applicationinsights.agent - 
*************************
Application Insights Java Agent 3.4.13 startup failed (PID 26160)
*************************

Description:
No connection string provided

Action:
Please provide connection string.

2025-02-27 23:01:41.186-03:00 ERROR c.m.applicationinsights.agent - 
*************************
Application Insights Java Agent 3.4.13 startup failed (PID 28388)
*************************

Description:
No connection string provided

Action:
Please provide connection string.

2025-02-27 23:08:34.595-03:00 ERROR c.m.applicationinsights.agent - 
*************************
Application Insights Java Agent 3.4.13 startup failed (PID 23100)
*************************

Description:
No connection string provided

Action:
Please provide connection string.

2025-02-27 23:14:36.900-03:00 ERROR c.m.applicationinsights.agent - 
*************************
Application Insights Java Agent 3.4.13 startup failed (PID 25480)
*************************

Description:
No connection string provided

Action:
Please provide connection string.

2025-02-27 23:20:39.815-03:00 ERROR c.m.applicationinsights.agent - 
*************************
Application Insights Java Agent 3.4.13 startup failed (PID 25824)
*************************

Description:
No connection string provided

Action:
Please provide connection string.

2025-02-27 23:22:54.135-03:00 ERROR c.m.applicationinsights.agent - 
*************************
Application Insights Java Agent 3.4.13 startup failed (PID 20824)
*************************

Description:
No connection string provided

Action:
Please provide connection string.

2025-02-27 23:23:53.237-03:00 ERROR c.m.applicationinsights.agent - 
*************************
Application Insights Java Agent 3.4.13 startup failed (PID 28784)
*************************

Description:
No connection string provided

Action:
Please provide connection string.

2025-02-27 23:31:36.126-03:00 ERROR c.m.applicationinsights.agent - 
*************************
Application Insights Java Agent 3.4.13 startup failed (PID 25144)
*************************

Description:
No connection string provided

Action:
Please provide connection string.

2025-02-27 23:41:14.888-03:00 ERROR c.m.applicationinsights.agent - 
*************************
Application Insights Java Agent 3.4.13 startup failed (PID 11040)
*************************

Description:
No connection string provided

Action:
Please provide connection string.

2025-02-27 23:43:21.678-03:00 ERROR c.m.applicationinsights.agent - 
*************************
Application Insights Java Agent 3.4.13 startup failed (PID 29264)
*************************

Description:
No connection string provided

Action:
Please provide connection string.

2025-02-27 23:44:35.899-03:00 ERROR c.m.applicationinsights.agent - 
*************************
Application Insights Java Agent 3.4.13 startup failed (PID 27616)
*************************

Description:
No connection string provided

Action:
Please provide connection string.

2025-02-27 23:52:08.231-03:00 ERROR c.m.applicationinsights.agent - 
*************************
Application Insights Java Agent 3.4.13 startup failed (PID 21580)
*************************

Description:
No connection string provided

Action:
Please provide connection string.

2025-02-28 00:00:46.461-03:00 ERROR c.m.applicationinsights.agent - 
*************************
Application Insights Java Agent 3.4.13 startup failed (PID 5948)
*************************

Description:
No connection string provided

Action:
Please provide connection string.

2025-02-28 00:03:10.646-03:00 ERROR c.m.applicationinsights.agent - 
*************************
Application Insights Java Agent 3.4.13 startup failed (PID 21540)
*************************

Description:
No connection string provided

Action:
Please provide connection string.

2025-02-28 00:05:51.064-03:00 ERROR c.m.applicationinsights.agent - 
*************************
Application Insights Java Agent 3.4.13 startup failed (PID 12512)
*************************

Description:
No connection string provided

Action:
Please provide connection string.

2025-02-28 00:12:43.345-03:00 ERROR c.m.applicationinsights.agent - 
*************************
Application Insights Java Agent 3.4.13 startup failed (PID 29576)
*************************

Description:
No connection string provided

Action:
Please provide connection string.

2025-02-28 00:17:18.779-03:00 ERROR c.m.applicationinsights.agent - 
*************************
Application Insights Java Agent 3.4.13 startup failed (PID 23820)
*************************

Description:
No connection string provided

Action:
Please provide connection string.

2025-02-28 00:21:36.131-03:00 ERROR c.m.applicationinsights.agent - 
*************************
Application Insights Java Agent 3.4.13 startup failed (PID 23172)
*************************

Description:
No connection string provided

Action:
Please provide connection string.

2025-02-28 00:24:11.936-03:00 ERROR c.m.applicationinsights.agent - 
*************************
Application Insights Java Agent 3.4.13 startup failed (PID 1364)
*************************

Description:
No connection string provided

Action:
Please provide connection string.

2025-02-28 00:27:00.924-03:00 ERROR c.m.applicationinsights.agent - 
*************************
Application Insights Java Agent 3.4.13 startup failed (PID 25680)
*************************

Description:
No connection string provided

Action:
Please provide connection string.

2025-02-28 00:34:30.116-03:00 ERROR c.m.applicationinsights.agent - 
*************************
Application Insights Java Agent 3.4.13 startup failed (PID 13480)
*************************

Description:
No connection string provided

Action:
Please provide connection string.

2025-02-28 00:35:32.627-03:00 ERROR c.m.applicationinsights.agent - 
*************************
Application Insights Java Agent 3.4.13 startup failed (PID 21780)
*************************

Description:
No connection string provided

Action:
Please provide connection string.

2025-02-28 00:43:44.592-03:00 ERROR c.m.applicationinsights.agent - 
*************************
Application Insights Java Agent 3.4.13 startup failed (PID 7036)
*************************

Description:
No connection string provided

Action:
Please provide connection string.

2025-02-28 00:47:54.795-03:00 ERROR c.m.applicationinsights.agent - 
*************************
Application Insights Java Agent 3.4.13 startup failed (PID 26132)
*************************

Description:
No connection string provided

Action:
Please provide connection string.

2025-02-28 00:51:43.546-03:00 ERROR c.m.applicationinsights.agent - 
*************************
Application Insights Java Agent 3.4.13 startup failed (PID 4064)
*************************

Description:
No connection string provided

Action:
Please provide connection string.

2025-02-28 00:56:48.184-03:00 ERROR c.m.applicationinsights.agent - 
*************************
Application Insights Java Agent 3.4.13 startup failed (PID 28536)
*************************

Description:
No connection string provided

Action:
Please provide connection string.

2025-02-28 01:04:38.556-03:00 ERROR c.m.applicationinsights.agent - 
*************************
Application Insights Java Agent 3.4.13 startup failed (PID 21960)
*************************

Description:
No connection string provided

Action:
Please provide connection string.

2025-02-28 01:10:18.392-03:00 ERROR c.m.applicationinsights.agent - 
*************************
Application Insights Java Agent 3.4.13 startup failed (PID 7612)
*************************

Description:
No connection string provided

Action:
Please provide connection string.

2025-02-28 01:20:40.150-03:00 ERROR c.m.applicationinsights.agent - 
*************************
Application Insights Java Agent 3.4.13 startup failed (PID 13472)
*************************

Description:
No connection string provided

Action:
Please provide connection string.

2025-02-28 01:27:12.720-03:00 ERROR c.m.applicationinsights.agent - 
*************************
Application Insights Java Agent 3.4.13 startup failed (PID 10376)
*************************

Description:
No connection string provided

Action:
Please provide connection string.

2025-02-28 01:36:05.159-03:00 ERROR c.m.applicationinsights.agent - 
*************************
Application Insights Java Agent 3.4.13 startup failed (PID 4240)
*************************

Description:
No connection string provided

Action:
Please provide connection string.

2025-02-28 01:42:33.959-03:00 ERROR c.m.applicationinsights.agent - 
*************************
Application Insights Java Agent 3.4.13 startup failed (PID 7228)
*************************

Description:
No connection string provided

Action:
Please provide connection string.

2025-02-28 22:33:07.774-03:00 ERROR c.m.applicationinsights.agent - 
*************************
Application Insights Java Agent 3.4.13 startup failed (PID 13200)
*************************

Description:
No connection string provided

Action:
Please provide connection string.

2025-02-28 22:45:09.409-03:00 ERROR c.m.applicationinsights.agent - 
*************************
Application Insights Java Agent 3.4.13 startup failed (PID 10820)
*************************

Description:
No connection string provided

Action:
Please provide connection string.

2025-02-28 22:52:28.146-03:00 ERROR c.m.applicationinsights.agent - 
*************************
Application Insights Java Agent 3.4.13 startup failed (PID 14152)
*************************

Description:
No connection string provided

Action:
Please provide connection string.

2025-02-28 23:10:17.324-03:00 ERROR c.m.applicationinsights.agent - 
*************************
Application Insights Java Agent 3.4.13 startup failed (PID 10124)
*************************

Description:
No connection string provided

Action:
Please provide connection string.

2025-02-28 23:13:13.916-03:00 ERROR c.m.applicationinsights.agent - 
*************************
Application Insights Java Agent 3.4.13 startup failed (PID 26280)
*************************

Description:
No connection string provided

Action:
Please provide connection string.

2025-02-28 23:15:33.956-03:00 ERROR c.m.applicationinsights.agent - 
*************************
Application Insights Java Agent 3.4.13 startup failed (PID 28120)
*************************

Description:
No connection string provided

Action:
Please provide connection string.

2025-02-28 23:32:35.069-03:00 ERROR c.m.applicationinsights.agent - 
*************************
Application Insights Java Agent 3.4.13 startup failed (PID 12212)
*************************

Description:
No connection string provided

Action:
Please provide connection string.

2025-02-28 23:34:58.361-03:00 ERROR c.m.applicationinsights.agent - 
*************************
Application Insights Java Agent 3.4.13 startup failed (PID 26176)
*************************

Description:
No connection string provided

Action:
Please provide connection string.

2025-02-28 23:44:27.297-03:00 ERROR c.m.applicationinsights.agent - 
*************************
Application Insights Java Agent 3.4.13 startup failed (PID 7284)
*************************

Description:
No connection string provided

Action:
Please provide connection string.

2025-02-28 23:45:17.679-03:00 ERROR c.m.applicationinsights.agent - 
*************************
Application Insights Java Agent 3.4.13 startup failed (PID 12688)
*************************

Description:
No connection string provided

Action:
Please provide connection string.

2025-02-28 23:50:25.654-03:00 ERROR c.m.applicationinsights.agent - 
*************************
Application Insights Java Agent 3.4.13 startup failed (PID 19272)
*************************

Description:
No connection string provided

Action:
Please provide connection string.

2025-02-28 23:52:10.625-03:00 ERROR c.m.applicationinsights.agent - 
*************************
Application Insights Java Agent 3.4.13 startup failed (PID 5496)
*************************

Description:
No connection string provided

Action:
Please provide connection string.

2025-02-28 23:59:21.566-03:00 ERROR c.m.applicationinsights.agent - 
*************************
Application Insights Java Agent 3.4.13 startup failed (PID 9012)
*************************

Description:
No connection string provided

Action:
Please provide connection string.

2025-03-01 00:06:43.213-03:00 ERROR c.m.applicationinsights.agent - 
*************************
Application Insights Java Agent 3.4.13 startup failed (PID 26500)
*************************

Description:
No connection string provided

Action:
Please provide connection string.

2025-03-01 00:07:26.693-03:00 ERROR c.m.applicationinsights.agent - 
*************************
Application Insights Java Agent 3.4.13 startup failed (PID 14984)
*************************

Description:
No connection string provided

Action:
Please provide connection string.

2025-03-01 00:19:34.539-03:00 ERROR c.m.applicationinsights.agent - 
*************************
Application Insights Java Agent 3.4.13 startup failed (PID 13216)
*************************

Description:
No connection string provided

Action:
Please provide connection string.

2025-03-01 00:20:55.972-03:00 ERROR c.m.applicationinsights.agent - 
*************************
Application Insights Java Agent 3.4.13 startup failed (PID 24816)
*************************

Description:
No connection string provided

Action:
Please provide connection string.

2025-03-01 00:29:00.280-03:00 ERROR c.m.applicationinsights.agent - 
*************************
Application Insights Java Agent 3.4.13 startup failed (PID 25144)
*************************

Description:
No connection string provided

Action:
Please provide connection string.

2025-03-01 00:30:02.987-03:00 ERROR c.m.applicationinsights.agent - 
*************************
Application Insights Java Agent 3.4.13 startup failed (PID 27256)
*************************

Description:
No connection string provided

Action:
Please provide connection string.

2025-03-01 00:41:22.523-03:00 ERROR c.m.applicationinsights.agent - 
*************************
Application Insights Java Agent 3.4.13 startup failed (PID 20088)
*************************

Description:
No connection string provided

Action:
Please provide connection string.

2025-03-01 00:42:23.905-03:00 ERROR c.m.applicationinsights.agent - 
*************************
Application Insights Java Agent 3.4.13 startup failed (PID 4208)
*************************

Description:
No connection string provided

Action:
Please provide connection string.

2025-03-01 00:51:31.525-03:00 ERROR c.m.applicationinsights.agent - 
*************************
Application Insights Java Agent 3.4.13 startup failed (PID 22928)
*************************

Description:
No connection string provided

Action:
Please provide connection string.

2025-03-01 00:53:17.970-03:00 ERROR c.m.applicationinsights.agent - 
*************************
Application Insights Java Agent 3.4.13 startup failed (PID 25424)
*************************

Description:
No connection string provided

Action:
Please provide connection string.

2025-03-01 01:04:26.883-03:00 ERROR c.m.applicationinsights.agent - 
*************************
Application Insights Java Agent 3.4.13 startup failed (PID 25248)
*************************

Description:
No connection string provided

Action:
Please provide connection string.

2025-03-01 01:05:53.100-03:00 ERROR c.m.applicationinsights.agent - 
*************************
Application Insights Java Agent 3.4.13 startup failed (PID 23460)
*************************

Description:
No connection string provided

Action:
Please provide connection string.

2025-03-01 01:13:35.465-03:00 ERROR c.m.applicationinsights.agent - 
*************************
Application Insights Java Agent 3.4.13 startup failed (PID 27460)
*************************

Description:
No connection string provided

Action:
Please provide connection string.

2025-03-01 01:14:24.163-03:00 ERROR c.m.applicationinsights.agent - 
*************************
Application Insights Java Agent 3.4.13 startup failed (PID 24984)
*************************

Description:
No connection string provided

Action:
Please provide connection string.

2025-03-01 01:21:01.279-03:00 ERROR c.m.applicationinsights.agent - 
*************************
Application Insights Java Agent 3.4.13 startup failed (PID 29104)
*************************

Description:
No connection string provided

Action:
Please provide connection string.

2025-03-01 01:24:52.145-03:00 ERROR c.m.applicationinsights.agent - 
*************************
Application Insights Java Agent 3.4.13 startup failed (PID 28500)
*************************

Description:
No connection string provided

Action:
Please provide connection string.

2025-03-01 01:26:55.421-03:00 ERROR c.m.applicationinsights.agent - 
*************************
Application Insights Java Agent 3.4.13 startup failed (PID 28580)
*************************

Description:
No connection string provided

Action:
Please provide connection string.

2025-03-01 01:35:57.090-03:00 ERROR c.m.applicationinsights.agent - 
*************************
Application Insights Java Agent 3.4.13 startup failed (PID 9568)
*************************

Description:
No connection string provided

Action:
Please provide connection string.

2025-03-01 01:37:28.563-03:00 ERROR c.m.applicationinsights.agent - 
*************************
Application Insights Java Agent 3.4.13 startup failed (PID 17172)
*************************

Description:
No connection string provided

Action:
Please provide connection string.

2025-03-01 02:41:30.062-03:00 ERROR c.m.applicationinsights.agent - 
*************************
Application Insights Java Agent 3.4.13 startup failed (PID 15124)
*************************

Description:
No connection string provided

Action:
Please provide connection string.

2025-03-01 02:45:35.788-03:00 ERROR c.m.applicationinsights.agent - 
*************************
Application Insights Java Agent 3.4.13 startup failed (PID 13184)
*************************

Description:
No connection string provided

Action:
Please provide connection string.

2025-03-05 17:30:42.015-03:00 ERROR c.m.applicationinsights.agent - 
*************************
Application Insights Java Agent 3.4.13 startup failed (PID 2920)
*************************

Description:
No connection string provided

Action:
Please provide connection string.

2025-03-05 17:34:54.554-03:00 ERROR c.m.applicationinsights.agent - 
*************************
Application Insights Java Agent 3.4.13 startup failed (PID 17752)
*************************

Description:
No connection string provided

Action:
Please provide connection string.

2025-03-11 02:27:59.340-03:00 ERROR c.m.applicationinsights.agent - 
*************************
Application Insights Java Agent 3.4.13 startup failed (PID 20900)
*************************

Description:
No connection string provided

Action:
Please provide connection string.

2025-03-11 12:22:08.452-03:00 ERROR c.m.applicationinsights.agent - 
*************************
Application Insights Java Agent 3.4.13 startup failed (PID 9324)
*************************

Description:
No connection string provided

Action:
Please provide connection string.

2025-03-11 12:28:05.258-03:00 ERROR c.m.applicationinsights.agent - 
*************************
Application Insights Java Agent 3.4.13 startup failed (PID 8096)
*************************

Description:
No connection string provided

Action:
Please provide connection string.

2025-03-11 12:33:11.340-03:00 ERROR c.m.applicationinsights.agent - 
*************************
Application Insights Java Agent 3.4.13 startup failed (PID 8620)
*************************

Description:
No connection string provided

Action:
Please provide connection string.

2025-03-14 18:10:21.210-03:00 ERROR c.m.applicationinsights.agent - 
*************************
Application Insights Java Agent 3.4.13 startup failed (PID 25296)
*************************

Description:
No connection string provided

Action:
Please provide connection string.

2025-03-14 18:16:55.256-03:00 ERROR c.m.applicationinsights.agent - 
*************************
Application Insights Java Agent 3.4.13 startup failed (PID 9000)
*************************

Description:
No connection string provided

Action:
Please provide connection string.

2025-03-14 18:21:38.150-03:00 ERROR c.m.applicationinsights.agent - 
*************************
Application Insights Java Agent 3.4.13 startup failed (PID 24496)
*************************

Description:
No connection string provided

Action:
Please provide connection string.

2025-03-14 18:24:47.988-03:00 ERROR c.m.applicationinsights.agent - 
*************************
Application Insights Java Agent 3.4.13 startup failed (PID 21180)
*************************

Description:
No connection string provided

Action:
Please provide connection string.

2025-03-14 18:25:46.485-03:00 ERROR c.m.applicationinsights.agent - 
*************************
Application Insights Java Agent 3.4.13 startup failed (PID 22392)
*************************

Description:
No connection string provided

Action:
Please provide connection string.

2025-03-14 18:31:09.531-03:00 ERROR c.m.applicationinsights.agent - 
*************************
Application Insights Java Agent 3.4.13 startup failed (PID 23464)
*************************

Description:
No connection string provided

Action:
Please provide connection string.

2025-03-14 22:56:11.149-03:00 ERROR c.m.applicationinsights.agent - 
*************************
Application Insights Java Agent 3.4.13 startup failed (PID 16720)
*************************

Description:
No connection string provided

Action:
Please provide connection string.

2025-03-14 23:11:47.038-03:00 ERROR c.m.applicationinsights.agent - 
*************************
Application Insights Java Agent 3.4.13 startup failed (PID 14040)
*************************

Description:
No connection string provided

Action:
Please provide connection string.

2025-03-14 23:20:24.737-03:00 ERROR c.m.applicationinsights.agent - 
*************************
Application Insights Java Agent 3.4.13 startup failed (PID 22096)
*************************

Description:
No connection string provided

Action:
Please provide connection string.

2025-03-14 23:25:29.074-03:00 ERROR c.m.applicationinsights.agent - 
*************************
Application Insights Java Agent 3.4.13 startup failed (PID 25520)
*************************

Description:
No connection string provided

Action:
Please provide connection string.

2025-03-14 23:37:13.642-03:00 ERROR c.m.applicationinsights.agent - 
*************************
Application Insights Java Agent 3.4.13 startup failed (PID 19312)
*************************

Description:
No connection string provided

Action:
Please provide connection string.

2025-03-14 23:55:48.495-03:00 ERROR c.m.applicationinsights.agent - 
*************************
Application Insights Java Agent 3.4.13 startup failed (PID 11036)
*************************

Description:
No connection string provided

Action:
Please provide connection string.

2025-03-15 00:05:46.726-03:00 ERROR c.m.applicationinsights.agent - 
*************************
Application Insights Java Agent 3.4.13 startup failed (PID 24856)
*************************

Description:
No connection string provided

Action:
Please provide connection string.

2025-03-15 00:22:12.456-03:00 ERROR c.m.applicationinsights.agent - 
*************************
Application Insights Java Agent 3.4.13 startup failed (PID 5864)
*************************

Description:
No connection string provided

Action:
Please provide connection string.

2025-03-17 10:46:56.846-03:00 ERROR c.m.applicationinsights.agent - 
*************************
Application Insights Java Agent 3.4.13 startup failed (PID 24284)
*************************

Description:
No connection string provided

Action:
Please provide connection string.

2025-03-17 14:11:37.783-03:00 ERROR c.m.applicationinsights.agent - 
*************************
Application Insights Java Agent 3.4.13 startup failed (PID 12436)
*************************

Description:
No connection string provided

Action:
Please provide connection string.

2025-03-17 15:01:38.548-03:00 ERROR c.m.applicationinsights.agent - 
*************************
Application Insights Java Agent 3.4.13 startup failed (PID 17964)
*************************

Description:
No connection string provided

Action:
Please provide connection string.

2025-03-17 15:05:55.623-03:00 ERROR c.m.applicationinsights.agent - 
*************************
Application Insights Java Agent 3.4.13 startup failed (PID 26520)
*************************

Description:
No connection string provided

Action:
Please provide connection string.

2025-03-17 15:09:06.560-03:00 ERROR c.m.applicationinsights.agent - 
*************************
Application Insights Java Agent 3.4.13 startup failed (PID 21616)
*************************

Description:
No connection string provided

Action:
Please provide connection string.

2025-03-17 15:30:38.571-03:00 ERROR c.m.applicationinsights.agent - 
*************************
Application Insights Java Agent 3.4.13 startup failed (PID 13548)
*************************

Description:
No connection string provided

Action:
Please provide connection string.

2025-03-17 15:39:15.181-03:00 ERROR c.m.applicationinsights.agent - 
*************************
Application Insights Java Agent 3.4.13 startup failed (PID 7416)
*************************

Description:
No connection string provided

Action:
Please provide connection string.

2025-03-18 08:38:25.033-03:00 ERROR c.m.applicationinsights.agent - 
*************************
Application Insights Java Agent 3.4.13 startup failed (PID 16704)
*************************

Description:
No connection string provided

Action:
Please provide connection string.

2025-03-18 08:41:43.394-03:00 ERROR c.m.applicationinsights.agent - 
*************************
Application Insights Java Agent 3.4.13 startup failed (PID 1620)
*************************

Description:
No connection string provided

Action:
Please provide connection string.

2025-03-18 08:50:28.323-03:00 ERROR c.m.applicationinsights.agent - 
*************************
Application Insights Java Agent 3.4.13 startup failed (PID 19340)
*************************

Description:
No connection string provided

Action:
Please provide connection string.

2025-03-19 13:07:10.763-03:00 ERROR c.m.applicationinsights.agent - 
*************************
Application Insights Java Agent 3.4.13 startup failed (PID 21456)
*************************

Description:
No connection string provided

Action:
Please provide connection string.

2025-03-19 13:25:14.972-03:00 ERROR c.m.applicationinsights.agent - 
*************************
Application Insights Java Agent 3.4.13 startup failed (PID 19120)
*************************

Description:
No connection string provided

Action:
Please provide connection string.

2025-03-19 13:30:53.685-03:00 ERROR c.m.applicationinsights.agent - 
*************************
Application Insights Java Agent 3.4.13 startup failed (PID 5668)
*************************

Description:
No connection string provided

Action:
Please provide connection string.

2025-03-19 13:58:34.407-03:00 ERROR c.m.applicationinsights.agent - 
*************************
Application Insights Java Agent 3.4.13 startup failed (PID 19436)
*************************

Description:
No connection string provided

Action:
Please provide connection string.

2025-03-19 14:33:55.851-03:00 ERROR c.m.applicationinsights.agent - 
*************************
Application Insights Java Agent 3.4.13 startup failed (PID 22264)
*************************

Description:
No connection string provided

Action:
Please provide connection string.

2025-03-21 08:38:09.368-03:00 ERROR c.m.applicationinsights.agent - 
*************************
Application Insights Java Agent 3.4.13 startup failed (PID 15940)
*************************

Description:
No connection string provided

Action:
Please provide connection string.

2025-03-21 08:41:24.525-03:00 ERROR c.m.applicationinsights.agent - 
*************************
Application Insights Java Agent 3.4.13 startup failed (PID 19140)
*************************

Description:
No connection string provided

Action:
Please provide connection string.

2025-03-21 08:53:49.558-03:00 ERROR c.m.applicationinsights.agent - 
*************************
Application Insights Java Agent 3.4.13 startup failed (PID 18804)
*************************

Description:
No connection string provided

Action:
Please provide connection string.

2025-03-21 09:05:51.444-03:00 ERROR c.m.applicationinsights.agent - 
*************************
Application Insights Java Agent 3.4.13 startup failed (PID 4312)
*************************

Description:
No connection string provided

Action:
Please provide connection string.

2025-03-21 09:21:30.421-03:00 ERROR c.m.applicationinsights.agent - 
*************************
Application Insights Java Agent 3.4.13 startup failed (PID 5684)
*************************

Description:
No connection string provided

Action:
Please provide connection string.

2025-03-21 09:50:08.895-03:00 ERROR c.m.applicationinsights.agent - 
*************************
Application Insights Java Agent 3.4.13 startup failed (PID 10024)
*************************

Description:
No connection string provided

Action:
Please provide connection string.

2025-03-21 09:56:06.723-03:00 ERROR c.m.applicationinsights.agent - 
*************************
Application Insights Java Agent 3.4.13 startup failed (PID 2724)
*************************

Description:
No connection string provided

Action:
Please provide connection string.

2025-03-21 10:13:09.237-03:00 ERROR c.m.applicationinsights.agent - 
*************************
Application Insights Java Agent 3.4.13 startup failed (PID 15712)
*************************

Description:
No connection string provided

Action:
Please provide connection string.

2025-03-21 12:35:55.327-03:00 ERROR c.m.applicationinsights.agent - 
*************************
Application Insights Java Agent 3.4.13 startup failed (PID 5260)
*************************

Description:
No connection string provided

Action:
Please provide connection string.

2025-03-21 12:47:24.202-03:00 ERROR c.m.applicationinsights.agent - 
*************************
Application Insights Java Agent 3.4.13 startup failed (PID 18480)
*************************

Description:
No connection string provided

Action:
Please provide connection string.

2025-03-21 12:53:59.918-03:00 ERROR c.m.applicationinsights.agent - 
*************************
Application Insights Java Agent 3.4.13 startup failed (PID 18708)
*************************

Description:
No connection string provided

Action:
Please provide connection string.

2025-03-21 12:56:10.216-03:00 ERROR c.m.applicationinsights.agent - 
*************************
Application Insights Java Agent 3.4.13 startup failed (PID 4652)
*************************

Description:
No connection string provided

Action:
Please provide connection string.

2025-03-21 13:07:23.934-03:00 ERROR c.m.applicationinsights.agent - 
*************************
Application Insights Java Agent 3.4.13 startup failed (PID 20464)
*************************

Description:
No connection string provided

Action:
Please provide connection string.

2025-03-21 13:13:27.552-03:00 ERROR c.m.applicationinsights.agent - 
*************************
Application Insights Java Agent 3.4.13 startup failed (PID 16740)
*************************

Description:
No connection string provided

Action:
Please provide connection string.

2025-03-21 13:52:51.054-03:00 ERROR c.m.applicationinsights.agent - 
*************************
Application Insights Java Agent 3.4.13 startup failed (PID 15864)
*************************

Description:
No connection string provided

Action:
Please provide connection string.

2025-03-21 13:57:09.041-03:00 ERROR c.m.applicationinsights.agent - 
*************************
Application Insights Java Agent 3.4.13 startup failed (PID 16604)
*************************

Description:
No connection string provided

Action:
Please provide connection string.

2025-03-21 14:01:37.848-03:00 ERROR c.m.applicationinsights.agent - 
*************************
Application Insights Java Agent 3.4.13 startup failed (PID 13844)
*************************

Description:
No connection string provided

Action:
Please provide connection string.

2025-03-21 14:17:55.621-03:00 ERROR c.m.applicationinsights.agent - 
*************************
Application Insights Java Agent 3.4.13 startup failed (PID 10792)
*************************

Description:
No connection string provided

Action:
Please provide connection string.

2025-03-21 15:15:54.055-03:00 ERROR c.m.applicationinsights.agent - 
*************************
Application Insights Java Agent 3.4.13 startup failed (PID 6936)
*************************

Description:
No connection string provided

Action:
Please provide connection string.

2025-03-21 15:22:46.131-03:00 ERROR c.m.applicationinsights.agent - 
*************************
Application Insights Java Agent 3.4.13 startup failed (PID 15632)
*************************

Description:
No connection string provided

Action:
Please provide connection string.

2025-03-21 15:28:14.567-03:00 ERROR c.m.applicationinsights.agent - 
*************************
Application Insights Java Agent 3.4.13 startup failed (PID 15792)
*************************

Description:
No connection string provided

Action:
Please provide connection string.

2025-03-21 15:29:00.862-03:00 ERROR c.m.applicationinsights.agent - 
*************************
Application Insights Java Agent 3.4.13 startup failed (PID 1304)
*************************

Description:
No connection string provided

Action:
Please provide connection string.

2025-03-21 15:30:11.824-03:00 ERROR c.m.applicationinsights.agent - 
*************************
Application Insights Java Agent 3.4.13 startup failed (PID 20036)
*************************

Description:
No connection string provided

Action:
Please provide connection string.

2025-03-21 15:32:01.395-03:00 ERROR c.m.applicationinsights.agent - 
*************************
Application Insights Java Agent 3.4.13 startup failed (PID 18928)
*************************

Description:
No connection string provided

Action:
Please provide connection string.

2025-03-21 15:57:27.083-03:00 ERROR c.m.applicationinsights.agent - 
*************************
Application Insights Java Agent 3.4.13 startup failed (PID 11604)
*************************

Description:
No connection string provided

Action:
Please provide connection string.

2025-03-21 16:02:22.062-03:00 ERROR c.m.applicationinsights.agent - 
*************************
Application Insights Java Agent 3.4.13 startup failed (PID 19596)
*************************

Description:
No connection string provided

Action:
Please provide connection string.

2025-03-21 16:32:03.381-03:00 ERROR c.m.applicationinsights.agent - 
*************************
Application Insights Java Agent 3.4.13 startup failed (PID 13212)
*************************

Description:
No connection string provided

Action:
Please provide connection string.

2025-03-21 16:42:19.572-03:00 ERROR c.m.applicationinsights.agent - 
*************************
Application Insights Java Agent 3.4.13 startup failed (PID 16540)
*************************

Description:
No connection string provided

Action:
Please provide connection string.

2025-03-21 16:45:12.958-03:00 ERROR c.m.applicationinsights.agent - 
*************************
Application Insights Java Agent 3.4.13 startup failed (PID 8652)
*************************

Description:
No connection string provided

Action:
Please provide connection string.

2025-03-21 16:48:14.853-03:00 ERROR c.m.applicationinsights.agent - 
*************************
Application Insights Java Agent 3.4.13 startup failed (PID 18552)
*************************

Description:
No connection string provided

Action:
Please provide connection string.

2025-03-21 16:52:53.509-03:00 ERROR c.m.applicationinsights.agent - 
*************************
Application Insights Java Agent 3.4.13 startup failed (PID 14772)
*************************

Description:
No connection string provided

Action:
Please provide connection string.

2025-03-21 16:56:33.044-03:00 ERROR c.m.applicationinsights.agent - 
*************************
Application Insights Java Agent 3.4.13 startup failed (PID 20132)
*************************

Description:
No connection string provided

Action:
Please provide connection string.

2025-03-21 17:20:14.779-03:00 ERROR c.m.applicationinsights.agent - 
*************************
Application Insights Java Agent 3.4.13 startup failed (PID 188)
*************************

Description:
No connection string provided

Action:
Please provide connection string.

2025-03-21 17:45:45.809-03:00 ERROR c.m.applicationinsights.agent - 
*************************
Application Insights Java Agent 3.4.13 startup failed (PID 19100)
*************************

Description:
No connection string provided

Action:
Please provide connection string.

2025-03-21 17:55:12.754-03:00 ERROR c.m.applicationinsights.agent - 
*************************
Application Insights Java Agent 3.4.13 startup failed (PID 18896)
*************************

Description:
No connection string provided

Action:
Please provide connection string.

2025-03-21 18:06:54.395-03:00 ERROR c.m.applicationinsights.agent - 
*************************
Application Insights Java Agent 3.4.13 startup failed (PID 3220)
*************************

Description:
No connection string provided

Action:
Please provide connection string.

2025-03-21 20:16:32.616-03:00 ERROR c.m.applicationinsights.agent - 
*************************
Application Insights Java Agent 3.4.13 startup failed (PID 10904)
*************************

Description:
No connection string provided

Action:
Please provide connection string.

2025-03-21 21:08:00.286-03:00 ERROR c.m.applicationinsights.agent - 
*************************
Application Insights Java Agent 3.4.13 startup failed (PID 18312)
*************************

Description:
No connection string provided

Action:
Please provide connection string.

2025-03-21 22:38:37.165-03:00 ERROR c.m.applicationinsights.agent - 
*************************
Application Insights Java Agent 3.4.13 startup failed (PID 7100)
*************************

Description:
No connection string provided

Action:
Please provide connection string.

2025-03-21 23:42:30.743-03:00 ERROR c.m.applicationinsights.agent - 
*************************
Application Insights Java Agent 3.4.13 startup failed (PID 16872)
*************************

Description:
No connection string provided

Action:
Please provide connection string.

2025-03-21 23:45:52.860-03:00 ERROR c.m.applicationinsights.agent - 
*************************
Application Insights Java Agent 3.4.13 startup failed (PID 22484)
*************************

Description:
No connection string provided

Action:
Please provide connection string.

2025-03-22 13:04:21.158-03:00 ERROR c.m.applicationinsights.agent - 
*************************
Application Insights Java Agent 3.4.13 startup failed (PID 12604)
*************************

Description:
No connection string provided

Action:
Please provide connection string.

2025-03-22 13:08:29.764-03:00 ERROR c.m.applicationinsights.agent - 
*************************
Application Insights Java Agent 3.4.13 startup failed (PID 18416)
*************************

Description:
No connection string provided

Action:
Please provide connection string.

2025-03-22 13:12:16.526-03:00 ERROR c.m.applicationinsights.agent - 
*************************
Application Insights Java Agent 3.4.13 startup failed (PID 15044)
*************************

Description:
No connection string provided

Action:
Please provide connection string.

2025-03-22 13:21:33.352-03:00 ERROR c.m.applicationinsights.agent - 
*************************
Application Insights Java Agent 3.4.13 startup failed (PID 21600)
*************************

Description:
No connection string provided

Action:
Please provide connection string.

2025-03-22 13:31:41.370-03:00 ERROR c.m.applicationinsights.agent - 
*************************
Application Insights Java Agent 3.4.13 startup failed (PID 22328)
*************************

Description:
No connection string provided

Action:
Please provide connection string.

2025-03-22 13:43:09.993-03:00 ERROR c.m.applicationinsights.agent - 
*************************
Application Insights Java Agent 3.4.13 startup failed (PID 21112)
*************************

Description:
No connection string provided

Action:
Please provide connection string.

2025-03-22 13:59:28.303-03:00 ERROR c.m.applicationinsights.agent - 
*************************
Application Insights Java Agent 3.4.13 startup failed (PID 9432)
*************************

Description:
No connection string provided

Action:
Please provide connection string.

2025-03-22 14:05:30.426-03:00 ERROR c.m.applicationinsights.agent - 
*************************
Application Insights Java Agent 3.4.13 startup failed (PID 10108)
*************************

Description:
No connection string provided

Action:
Please provide connection string.

2025-03-22 23:06:58.403-03:00 ERROR c.m.applicationinsights.agent - 
*************************
Application Insights Java Agent 3.4.13 startup failed (PID 6364)
*************************

Description:
No connection string provided

Action:
Please provide connection string.

2025-03-22 23:13:19.453-03:00 ERROR c.m.applicationinsights.agent - 
*************************
Application Insights Java Agent 3.4.13 startup failed (PID 21116)
*************************

Description:
No connection string provided

Action:
Please provide connection string.

2025-03-22 23:34:18.238-03:00 ERROR c.m.applicationinsights.agent - 
*************************
Application Insights Java Agent 3.4.13 startup failed (PID 20976)
*************************

Description:
No connection string provided

Action:
Please provide connection string.

2025-03-22 23:42:00.318-03:00 ERROR c.m.applicationinsights.agent - 
*************************
Application Insights Java Agent 3.4.13 startup failed (PID 8008)
*************************

Description:
No connection string provided

Action:
Please provide connection string.

2025-03-23 16:20:02.803-03:00 ERROR c.m.applicationinsights.agent - 
*************************
Application Insights Java Agent 3.4.13 startup failed (PID 1180)
*************************

Description:
No connection string provided

Action:
Please provide connection string.

2025-03-23 16:34:02.563-03:00 ERROR c.m.applicationinsights.agent - 
*************************
Application Insights Java Agent 3.4.13 startup failed (PID 16628)
*************************

Description:
No connection string provided

Action:
Please provide connection string.

2025-03-23 16:42:12.649-03:00 ERROR c.m.applicationinsights.agent - 
*************************
Application Insights Java Agent 3.4.13 startup failed (PID 20776)
*************************

Description:
No connection string provided

Action:
Please provide connection string.

2025-03-23 16:48:52.028-03:00 ERROR c.m.applicationinsights.agent - 
*************************
Application Insights Java Agent 3.4.13 startup failed (PID 4500)
*************************

Description:
No connection string provided

Action:
Please provide connection string.

2025-03-23 16:59:11.159-03:00 ERROR c.m.applicationinsights.agent - 
*************************
Application Insights Java Agent 3.4.13 startup failed (PID 1788)
*************************

Description:
No connection string provided

Action:
Please provide connection string.

2025-03-23 17:09:10.808-03:00 ERROR c.m.applicationinsights.agent - 
*************************
Application Insights Java Agent 3.4.13 startup failed (PID 13804)
*************************

Description:
No connection string provided

Action:
Please provide connection string.

2025-03-23 19:00:20.693-03:00 ERROR c.m.applicationinsights.agent - 
*************************
Application Insights Java Agent 3.4.13 startup failed (PID 15224)
*************************

Description:
No connection string provided

Action:
Please provide connection string.

2025-03-23 19:10:44.815-03:00 ERROR c.m.applicationinsights.agent - 
*************************
Application Insights Java Agent 3.4.13 startup failed (PID 22988)
*************************

Description:
No connection string provided

Action:
Please provide connection string.

2025-03-23 20:14:05.747-03:00 ERROR c.m.applicationinsights.agent - 
*************************
Application Insights Java Agent 3.4.13 startup failed (PID 15744)
*************************

Description:
No connection string provided

Action:
Please provide connection string.

2025-03-23 20:34:20.630-03:00 ERROR c.m.applicationinsights.agent - 
*************************
Application Insights Java Agent 3.4.13 startup failed (PID 16916)
*************************

Description:
No connection string provided

Action:
Please provide connection string.

2025-03-24 10:08:33.832-03:00 ERROR c.m.applicationinsights.agent - 
*************************
Application Insights Java Agent 3.4.13 startup failed (PID 12984)
*************************

Description:
No connection string provided

Action:
Please provide connection string.

2025-03-24 10:27:18.026-03:00 ERROR c.m.applicationinsights.agent - 
*************************
Application Insights Java Agent 3.4.13 startup failed (PID 16012)
*************************

Description:
No connection string provided

Action:
Please provide connection string.

2025-03-24 11:23:59.426-03:00 ERROR c.m.applicationinsights.agent - 
*************************
Application Insights Java Agent 3.4.13 startup failed (PID 18528)
*************************

Description:
No connection string provided

Action:
Please provide connection string.

2025-03-24 11:28:14.043-03:00 ERROR c.m.applicationinsights.agent - 
*************************
Application Insights Java Agent 3.4.13 startup failed (PID 19376)
*************************

Description:
No connection string provided

Action:
Please provide connection string.

2025-03-24 11:29:59.682-03:00 ERROR c.m.applicationinsights.agent - 
*************************
Application Insights Java Agent 3.4.13 startup failed (PID 20488)
*************************

Description:
No connection string provided

Action:
Please provide connection string.

2025-03-24 11:33:53.328-03:00 ERROR c.m.applicationinsights.agent - 
*************************
Application Insights Java Agent 3.4.13 startup failed (PID 11052)
*************************

Description:
No connection string provided

Action:
Please provide connection string.

2025-03-24 11:37:24.668-03:00 ERROR c.m.applicationinsights.agent - 
*************************
Application Insights Java Agent 3.4.13 startup failed (PID 19624)
*************************

Description:
No connection string provided

Action:
Please provide connection string.

2025-03-24 11:47:57.593-03:00 ERROR c.m.applicationinsights.agent - 
*************************
Application Insights Java Agent 3.4.13 startup failed (PID 17292)
*************************

Description:
No connection string provided

Action:
Please provide connection string.

2025-03-24 11:51:19.568-03:00 ERROR c.m.applicationinsights.agent - 
*************************
Application Insights Java Agent 3.4.13 startup failed (PID 12188)
*************************

Description:
No connection string provided

Action:
Please provide connection string.

2025-03-24 11:54:42.471-03:00 ERROR c.m.applicationinsights.agent - 
*************************
Application Insights Java Agent 3.4.13 startup failed (PID 15992)
*************************

Description:
No connection string provided

Action:
Please provide connection string.

2025-03-24 16:18:54.044-03:00 ERROR c.m.applicationinsights.agent - 
*************************
Application Insights Java Agent 3.4.13 startup failed (PID 7100)
*************************

Description:
No connection string provided

Action:
Please provide connection string.

2025-03-24 16:21:19.323-03:00 ERROR c.m.applicationinsights.agent - 
*************************
Application Insights Java Agent 3.4.13 startup failed (PID 18716)
*************************

Description:
No connection string provided

Action:
Please provide connection string.

2025-03-24 16:26:50.369-03:00 ERROR c.m.applicationinsights.agent - 
*************************
Application Insights Java Agent 3.4.13 startup failed (PID 16596)
*************************

Description:
No connection string provided

Action:
Please provide connection string.

2025-03-24 16:31:46.540-03:00 ERROR c.m.applicationinsights.agent - 
*************************
Application Insights Java Agent 3.4.13 startup failed (PID 2860)
*************************

Description:
No connection string provided

Action:
Please provide connection string.

2025-03-24 16:41:14.608-03:00 ERROR c.m.applicationinsights.agent - 
*************************
Application Insights Java Agent 3.4.13 startup failed (PID 22332)
*************************

Description:
No connection string provided

Action:
Please provide connection string.

2025-03-25 11:14:35.870-03:00 ERROR c.m.applicationinsights.agent - 
*************************
Application Insights Java Agent 3.4.13 startup failed (PID 14760)
*************************

Description:
No connection string provided

Action:
Please provide connection string.

2025-03-25 13:49:49.156-03:00 ERROR c.m.applicationinsights.agent - 
*************************
Application Insights Java Agent 3.4.13 startup failed (PID 3112)
*************************

Description:
No connection string provided

Action:
Please provide connection string.

2025-03-25 14:44:46.069-03:00 ERROR c.m.applicationinsights.agent - 
*************************
Application Insights Java Agent 3.4.13 startup failed (PID 3284)
*************************

Description:
No connection string provided

Action:
Please provide connection string.

2025-03-25 14:49:01.737-03:00 ERROR c.m.applicationinsights.agent - 
*************************
Application Insights Java Agent 3.4.13 startup failed (PID 10820)
*************************

Description:
No connection string provided

Action:
Please provide connection string.

2025-03-25 15:07:11.012-03:00 ERROR c.m.applicationinsights.agent - 
*************************
Application Insights Java Agent 3.4.13 startup failed (PID 8892)
*************************

Description:
No connection string provided

Action:
Please provide connection string.

2025-03-25 15:11:07.831-03:00 ERROR c.m.applicationinsights.agent - 
*************************
Application Insights Java Agent 3.4.13 startup failed (PID 4180)
*************************

Description:
No connection string provided

Action:
Please provide connection string.

2025-03-25 15:12:03.164-03:00 ERROR c.m.applicationinsights.agent - 
*************************
Application Insights Java Agent 3.4.13 startup failed (PID 16412)
*************************

Description:
No connection string provided

Action:
Please provide connection string.

2025-03-25 15:27:14.459-03:00 ERROR c.m.applicationinsights.agent - 
*************************
Application Insights Java Agent 3.4.13 startup failed (PID 5572)
*************************

Description:
No connection string provided

Action:
Please provide connection string.

2025-03-26 08:59:04.550-03:00 ERROR c.m.applicationinsights.agent - 
*************************
Application Insights Java Agent 3.4.13 startup failed (PID 17900)
*************************

Description:
No connection string provided

Action:
Please provide connection string.

2025-03-26 09:06:25.513-03:00 ERROR c.m.applicationinsights.agent - 
*************************
Application Insights Java Agent 3.4.13 startup failed (PID 17012)
*************************

Description:
No connection string provided

Action:
Please provide connection string.

2025-03-26 09:35:00.774-03:00 ERROR c.m.applicationinsights.agent - 
*************************
Application Insights Java Agent 3.4.13 startup failed (PID 344)
*************************

Description:
No connection string provided

Action:
Please provide connection string.

2025-03-26 09:35:52.021-03:00 ERROR c.m.applicationinsights.agent - 
*************************
Application Insights Java Agent 3.4.13 startup failed (PID 17264)
*************************

Description:
No connection string provided

Action:
Please provide connection string.

2025-03-26 09:47:07.543-03:00 ERROR c.m.applicationinsights.agent - 
*************************
Application Insights Java Agent 3.4.13 startup failed (PID 14600)
*************************

Description:
No connection string provided

Action:
Please provide connection string.

2025-03-26 09:57:01.273-03:00 ERROR c.m.applicationinsights.agent - 
*************************
Application Insights Java Agent 3.4.13 startup failed (PID 2148)
*************************

Description:
No connection string provided

Action:
Please provide connection string.

2025-10-12 17:59:16.533-03:00 ERROR c.m.applicationinsights.agent - 
*************************
Application Insights Java Agent 3.4.13 startup failed (PID 78532)
*************************

Description:
No connection string provided

Action:
Please provide connection string.

2025-10-13 13:45:05.984-03:00 ERROR c.m.applicationinsights.agent - 
*************************
Application Insights Java Agent 3.4.13 startup failed (PID 64808)
*************************

Description:
No connection string provided

Action:
Please provide connection string.

